[doge.danishsaber.com/index.html]
[backblue.gif]
[fade.gif]
[index.html]
[doge.danishsaber.com/img/logo.jpg]
[doge.danishsaber.com/css/style.css]
[doge.danishsaber.com/css/fontawesome/css/all.css]
[doge.danishsaber.com/css/animation.css]
[doge.danishsaber.com/css/adaptive.css]
[doge.danishsaber.com/img/logo.png]
[doge.danishsaber.com/js/jquery-3.3.1.min.js]
[doge.danishsaber.com/img/bnb.svg]
[doge.danishsaber.com/img/ico1.png]
[doge.danishsaber.com/img/icostep2.png]
[doge.danishsaber.com/img/icostep3.png]
[doge.danishsaber.com/img/icostep5.png]
[doge.danishsaber.com/img/icostep4.png]
[doge.danishsaber.com/img/flags/eng.svg]
[doge.danishsaber.com/js/classie.js]
[doge.danishsaber.com/js/cbpAnimatedHeader.min.js]
[doge.danishsaber.com/js/parallax.js]
[doge.danishsaber.com/js/remodal.min.js]
[doge.danishsaber.com/js/ScrollTrigger.min.js]
[doge.danishsaber.com/js/easing.js]
[doge.danishsaber.com/js/jquery.ui.totop.min.js]
[doge.danishsaber.com/js/clipboard.min.js]
[unpkg.com/web3modal@1.9.0/dist/index.js]
[unpkg.com/web3@1.2.11/dist/web3.min.js]
[cdn.jsdelivr.net/npm/@metamask/detect-provider@1.2.0/dist/index.min.js]
[unpkg.com/@walletconnect/web3-provider@1.6.6/dist/umd/index.min.js]
[doge.danishsaber.com/js/index.js]
[doge.danishsaber.com/index.html]
[cdnjs.cloudflare.com/ajax/libs/moment.js/2.29.1/moment.min.js]
[doge.danishsaber.com/css/fontawesome/webfonts/fa-brands-400.eot]
[doge.danishsaber.com/css/fontawesome/webfonts/fa-brands-400d41d.eot]
[doge.danishsaber.com/css/fontawesome/webfonts/fa-brands-400.woff2]
[doge.danishsaber.com/css/fontawesome/webfonts/fa-brands-400.woff]
[doge.danishsaber.com/css/fontawesome/webfonts/fa-brands-400.ttf]
[doge.danishsaber.com/css/fontawesome/webfonts/fa-duotone-900.eot]
[doge.danishsaber.com/css/fontawesome/webfonts/fa-duotone-900d41d.eot]
[doge.danishsaber.com/css/fontawesome/webfonts/fa-brands-400.svg]
[doge.danishsaber.com/css/fontawesome/webfonts/fa-duotone-900.woff2]
[doge.danishsaber.com/css/fontawesome/webfonts/fa-duotone-900.woff]
[doge.danishsaber.com/css/fontawesome/webfonts/fa-duotone-900.ttf]
[doge.danishsaber.com/css/fontawesome/webfonts/fa-light-300.eot]
[doge.danishsaber.com/css/fontawesome/webfonts/fa-light-300d41d.eot]
[doge.danishsaber.com/css/fontawesome/webfonts/fa-light-300.woff2]
[doge.danishsaber.com/css/fontawesome/webfonts/fa-light-300.woff]
[doge.danishsaber.com/css/fontawesome/webfonts/fa-light-300.ttf]
[doge.danishsaber.com/css/fontawesome/webfonts/fa-duotone-900.svg]
[doge.danishsaber.com/css/fontawesome/webfonts/fa-regular-400.eot]
[doge.danishsaber.com/css/fontawesome/webfonts/fa-regular-400d41d.eot]
[doge.danishsaber.com/css/fontawesome/webfonts/fa-light-300.svg]
[doge.danishsaber.com/css/fontawesome/webfonts/fa-regular-400.woff2]
[doge.danishsaber.com/css/fontawesome/webfonts/fa-regular-400.woff]
[doge.danishsaber.com/css/fontawesome/webfonts/fa-regular-400.ttf]
[doge.danishsaber.com/css/fontawesome/webfonts/fa-solid-900.eot]
[doge.danishsaber.com/css/fontawesome/webfonts/fa-solid-900d41d.eot]
[doge.danishsaber.com/css/fontawesome/webfonts/fa-regular-400.svg]
[doge.danishsaber.com/css/fontawesome/webfonts/fa-solid-900.woff2]
[doge.danishsaber.com/css/fontawesome/webfonts/fa-solid-900.woff]
[doge.danishsaber.com/css/fontawesome/webfonts/fa-solid-900.ttf]
[doge.danishsaber.com/css/fontawesome/css/all.css]
[doge.danishsaber.com/img/mainphone5e1f5e1f5e1f.png]
[doge.danishsaber.com/img/dash.png]
[doge.danishsaber.com/img/workback.jpg]
[doge.danishsaber.com/img/dash2.png]
[doge.danishsaber.com/css/fontawesome/webfonts/fa-solid-900.svg]
[doge.danishsaber.com/img/teamback.jpg]
[doge.danishsaber.com/img/ui.totop.png]
[doge.danishsaber.com/css/style.css]
[doge.danishsaber.com/css/animation.css]
[doge.danishsaber.com/css/adaptive.css]
[doge.danishsaber.com/img/bnb.svg]
[doge.danishsaber.com/BscPeak.html]
[doge.danishsaber.com/img/flags/eng.svg]
[doge.danishsaber.com/css/fontawesome/webfonts/fa-brands-400.svg]
[doge.danishsaber.com/css/fontawesome/webfonts/fa-duotone-900.svg]
[doge.danishsaber.com/css/fontawesome/webfonts/fa-light-300.svg]
[doge.danishsaber.com/css/fontawesome/webfonts/fa-regular-400.svg]
[doge.danishsaber.com/css/fontawesome/webfonts/fa-solid-900.svg]
[doge.danishsaber.com/img/macback7b307b307b30.html]
[doge.danishsaber.com/img/macback.html]
